mktextfm BrownPro
mktextfm BrownPro
mktextfm BrownPro
mktextfm BrownPro/BI
mktextfm BrownPro
mktextfm BrownPro/B
mktextfm BrownPro
mktextfm BrownPro/I
mktextfm BrownPro
mktextfm BrownPro
mktextfm BrownPro
mktextfm BrownPro
mktextfm BrownPro
mktextfm BrownPro/BI
mktextfm BrownPro
mktextfm BrownPro/B
mktextfm BrownPro
mktextfm BrownPro/I
mktextfm BrownPro
mktextfm BrownPro
mktextfm UnifrakturMaguntia/OT
mktextfm UnifrakturMaguntia/OT
mktextfm UnifrakturMaguntia/OT
mktextfm UnifrakturMaguntia/B/OT
mktextfm UnifrakturMaguntia/OT
mktextfm UnifrakturMaguntia/OT
mktextfm UnifrakturMaguntia/OT
mktextfm UnifrakturMaguntia/OT
mktextfm UnifrakturMaguntia/OT
mktextfm UnifrakturMaguntia/OT
mktextfm UnifrakturMaguntia/OT
mktextfm UnifrakturMaguntia/OT
mktextfm UnifrakturMaguntia/OT
